\BOOKMARK [1][-]{section.1}{\376\377\000C\000a\000s\000\040\000d\000e\000s\000\040\000p\000o\000l\000y\000g\000o\000n\000e\000s\000\040\000s\000i\000m\000p\000l\000e\000s}{}% 1
\BOOKMARK [2][-]{subsection.1.1}{\376\377\000G\000\351\000n\000\351\000r\000a\000l\000i\000t\000\351\000s}{section.1}% 2
\BOOKMARK [2][-]{subsection.1.2}{\376\377\000M\000o\000r\000p\000h\000i\000n\000g\000\040\000n\000a\000i\000f}{section.1}% 3
\BOOKMARK [3][-]{subsubsection.1.2.1}{\376\377\000P\000r\000i\000n\000c\000i\000p\000e\000\040\000e\000t\000\040\000n\000o\000t\000a\000t\000i\000o\000n}{subsection.1.2}% 4
\BOOKMARK [3][-]{subsubsection.1.2.2}{\376\377\000C\000a\000s\000\040\000d\000e\000s\000\040\000i\000m\000a\000g\000e\000s\000\040\000m\000a\000t\000r\000i\000c\000i\000e\000l\000l\000e\000s}{subsection.1.2}% 5
\BOOKMARK [2][-]{subsection.1.3}{\376\377\000M\000\351\000t\000h\000o\000d\000e\000\040\000L\000-\000A}{section.1}% 6
\BOOKMARK [3][-]{subsubsection.1.3.1}{\376\377\000P\000r\000i\000n\000c\000i\000p\000e\000\040\000e\000t\000\040\000n\000o\000t\000a\000t\000i\000o\000n}{subsection.1.3}% 7
\BOOKMARK [3][-]{subsubsection.1.3.2}{\376\377\000C\000a\000s\000\040\000d\000e\000s\000\040\000i\000m\000a\000g\000e\000s\000\040\000m\000a\000t\000r\000i\000c\000i\000e\000l\000l\000e\000s}{subsection.1.3}% 8
\BOOKMARK [1][-]{section.2}{\376\377\000M\000o\000r\000p\000h\000i\000n\000g\000\040\000d\000e\000\040\000f\000o\000r\000m\000e\000s\000\040\000c\000o\000u\000r\000b\000e\000s}{}% 9
\BOOKMARK [2][-]{subsection.2.1}{\376\377\000P\000r\000o\000p\000\351\000d\000e\000u\000t\000i\000q\000u\000e\000\040\000a\000u\000\040\000m\000o\000r\000p\000h\000i\000n\000g\000\040\000d\000e\000\040\000c\000o\000u\000r\000b\000e\000s\000\040\000s\000p\000l\000i\000n\000e\000s}{section.2}% 10
\BOOKMARK [3][-]{subsubsection.2.1.1}{\376\377\000S\000p\000l\000i\000n\000e\000s}{subsection.2.1}% 11
\BOOKMARK [3][-]{subsubsection.2.1.2}{\376\377\000C\000o\000u\000r\000b\000e\000s\000\040\000B\000-\000S\000p\000l\000i\000n\000e\000s}{subsection.2.1}% 12
\BOOKMARK [2][-]{subsection.2.2}{\376\377\000M\000o\000r\000p\000h\000i\000n\000g\000\040\000d\000e\000\040\000c\000o\000u\000r\000b\000e\000s\000\040\000B\000-\000s\000p\000l\000i\000n\000e\000s}{section.2}% 13
\BOOKMARK [3][-]{subsubsection.2.2.1}{\376\377\000C\000a\000l\000c\000u\000l\000\040\000d\000'\000u\000n\000e\000\040\000c\000o\000u\000r\000b\000e\000\040\000B\000-\000s\000p\000l\000i\000n\000e}{subsection.2.2}% 14
\BOOKMARK [1][-]{section.3}{\376\377\000M\000o\000r\000p\000h\000i\000n\000g\000\040\000d\000'\000i\000m\000a\000g\000e\000s\000\040\000q\000u\000e\000l\000c\000o\000n\000q\000u\000e\000s}{}% 15
\BOOKMARK [2][-]{subsection.3.1}{\376\377\000D\000\351\000f\000o\000r\000m\000a\000t\000i\000o\000n\000\040\000d\000e\000s\000\040\000i\000m\000a\000g\000e\000s}{section.3}% 16
\BOOKMARK [3][-]{subsubsection.3.1.1}{\376\377\000P\000r\000\351\000l\000i\000m\000i\000n\000a\000i\000r\000e\000s}{subsection.3.1}% 17
\BOOKMARK [3][-]{subsubsection.3.1.2}{\376\377\000C\000a\000s\000\040\000s\000i\000m\000p\000l\000e\000:\000\040\000u\000n\000\040\000s\000e\000u\000l\000\040\000v\000e\000c\000t\000e\000u\000r\000\040\000d\000e\000\040\000c\000o\000n\000t\000r\000\364\000l\000e}{subsection.3.1}% 18
\BOOKMARK [3][-]{subsubsection.3.1.3}{\376\377\000C\000a\000s\000\040\000g\000\351\000n\000\351\000r\000a\000l\000:\000\040\000p\000l\000u\000s\000i\000e\000u\000r\000s\000\040\000v\000e\000c\000t\000e\000u\000r\000s\000\040\000d\000e\000\040\000c\000o\000n\000t\000r\000\364\000l\000e}{subsection.3.1}% 19
\BOOKMARK [2][-]{subsection.3.2}{\376\377\000I\000n\000t\000e\000r\000p\000o\000l\000a\000t\000i\000o\000n\000\040\000d\000e\000s\000\040\000i\000m\000a\000g\000e\000s}{section.3}% 20
\BOOKMARK [1][-]{section*.15}{\376\377\000A\000n\000n\000e\000x\000e\000s}{}% 21
\BOOKMARK [1][-]{appendix.A}{\376\377\000S\000p\000l\000i\000n\000e\000s}{}% 22
\BOOKMARK [1][-]{algocf.9}{\376\377\000R\000\351\000f\000\351\000r\000e\000n\000c\000e\000s}{}% 23
